A D/AI////
A D/Behaviors////
A D/Controls////
A D/Crew////
A D/DualCoding////
A D/Events////
A D/Grasper////
A D/IPC////
A D/Kodu////
A D/Localization////
A D/MMCombo////
A D/Motion////
A D/Planners////
A D/RemoteProcess////
A D/Shared////
A D/SharedMemMgr////
A D/Sound////
A D/SoundPlay////
A D/StateMachine////
A D/TinyFTPD////
A D/Vision////
A D/Wireless////
A D/WorldModel////
A D/WorldModel2////
A D/aperios////
A D/contrib////
A D/deprecated////
A D/docs////
A D/local////
A D/ms////
A D/project////
A D/tools////
R D/ms////
R D/deprecated////
R D/contrib////
R D/WorldModel2////
R D/WorldModel////
R D/TinyFTPD////
R D/StateMachine////
R D/SoundPlay////
R D/SharedMemMgr////
R D/RemoteProcess////
R D/MMCombo////
R D/Grasper////
R D/Controls////
R D/AI////
