A D/Mary////
A D/aibo3d////
A D/angcon////
A D/bandit-sim////
A D/bin////
A D/binstrswap////
A D/chess////
A D/convert////
A D/convertmot////
A D/dhcalc////
A D/dhwizard////
A D/dynamixel_util////
A D/easytrain////
A D/evenmodtime////
A D/filtersyswarn////
A D/lookingglass////
A D/mazegen////
A D/mipaltools////
A D/mirage////
A D/mon////
A D/perl////
A D/preadlink////
A D/safemot////
A D/sbin////
A D/seg////
A D/stackgen////
A D/storyboard2////
A D/strswap////
A D/test////
A D/walk_calibration////
R D/storyboard2////
R D/safemot////
R D/lookingglass////
R D/evenmodtime////
R D/convertmot////
R D/convert////
R D/binstrswap////
R D/bandit-sim////
R D/aibo3d////
